<?xml version="1.0" encoding="UTF-8"?>
<!-- Generated by org.testng.reporters.JUnitReportReporter -->
<testsuite hostname="rslptp696" name="seleniumMavenProject.MyMavenProject.TestMavenProject" tests="3" failures="0" timestamp="23 Sep 2019 11:41:18 GMT" time="35.837" errors="0">
  <testcase name="verifyHomepageTitle" time="0.011" classname="seleniumMavenProject.MyMavenProject.TestMavenProject"/>
  <testcase name="openApplication" time="6.439" classname="seleniumMavenProject.MyMavenProject.TestMavenProject"/>
  <testcase name="verifyTooltip" time="29.387" classname="seleniumMavenProject.MyMavenProject.TestMavenProject"/>
</testsuite> <!-- seleniumMavenProject.MyMavenProject.TestMavenProject -->
